# JRE version: Java(TM) SE Runtime Environment (9.0+11) (build 9.0.4+11)
# Java VM: Java HotSpot(TM) 64-Bit Server VM (9.0.4+11, mixed mode, tiered, compressed oops, g1 gc, windows-amd64)
Heap:
 garbage-first heap   total 157696K, used 20526K [0x0000000081600000, 0x00000000817004d0, 0x0000000100000000)
  region size 1024K, 14 young (14336K), 8 survivors (8192K)
 Metaspace       used 24586K, capacity 25676K, committed 25856K, reserved 1071104K
  class space    used 3039K, capacity 3276K, committed 3328K, reserved 1048576K
GC Heap History (10 events):
Event: 0.741 GC heap before
{Heap before GC invocations=0 (full 0):
 garbage-first heap   total 131072K, used 25600K [0x0000000081600000, 0x0000000081700400, 0x0000000100000000)
  region size 1024K, 24 young (24576K), 0 survivors (0K)
 Metaspace       used 9121K, capacity 9294K, committed 9600K, reserved 1058816K
  class space    used 955K, capacity 1027K, committed 1152K, reserved 1048576K
}
Event: 0.747 GC heap after
{Heap after GC invocations=1 (full 0):
 garbage-first heap   total 131072K, used 8163K [0x0000000081600000, 0x0000000081700400, 0x0000000100000000)
  region size 1024K, 3 young (3072K), 3 survivors (3072K)
 Metaspace       used 9121K, capacity 9294K, committed 9600K, reserved 1058816K
  class space    used 955K, capacity 1027K, committed 1152K, reserved 1048576K
}
Event: 0.903 GC heap before
{Heap before GC invocations=1 (full 0):
 garbage-first heap   total 131072K, used 27619K [0x0000000081600000, 0x0000000081700400, 0x0000000100000000)
  region size 1024K, 22 young (22528K), 3 survivors (3072K)
 Metaspace       used 12707K, capacity 13112K, committed 13312K, reserved 1060864K
  class space    used 1386K, capacity 1482K, committed 1536K, reserved 1048576K
}
Event: 0.907 GC heap after
{Heap after GC invocations=2 (full 0):
 garbage-first heap   total 131072K, used 10317K [0x0000000081600000, 0x0000000081700400, 0x0000000100000000)
  region size 1024K, 3 young (3072K), 3 survivors (3072K)
 Metaspace       used 12707K, capacity 13112K, committed 13312K, reserved 1060864K
  class space    used 1386K, capacity 1482K, committed 1536K, reserved 1048576K
}
Event: 1.135 GC heap before
{Heap before GC invocations=2 (full 0):
 garbage-first heap   total 131072K, used 60493K [0x0000000081600000, 0x0000000081700400, 0x0000000100000000)
  region size 1024K, 52 young (53248K), 3 survivors (3072K)
 Metaspace       used 17242K, capacity 17986K, committed 18304K, reserved 1064960K
  class space    used 2132K, capacity 2311K, committed 2432K, reserved 1048576K
}
Event: 1.140 GC heap after
{Heap after GC invocations=3 (full 0):
 garbage-first heap   total 131072K, used 13466K [0x0000000081600000, 0x0000000081700400, 0x0000000100000000)
  region size 1024K, 6 young (6144K), 6 survivors (6144K)
 Metaspace       used 17242K, capacity 17986K, committed 18304K, reserved 1064960K
  class space    used 2132K, capacity 2311K, committed 2432K, reserved 1048576K
}
Event: 1.309 GC heap before
{Heap before GC invocations=3 (full 0):
 garbage-first heap   total 131072K, used 37018K [0x0000000081600000, 0x0000000081700400, 0x0000000100000000)
  region size 1024K, 30 young (30720K), 6 survivors (6144K)
 Metaspace       used 20228K, capacity 21136K, committed 21248K, reserved 1067008K
  class space    used 2515K, capacity 2718K, committed 2816K, reserved 1048576K
}
Event: 1.314 GC heap after
{Heap after GC invocations=4 (full 0):
 garbage-first heap   total 131072K, used 13253K [0x0000000081600000, 0x0000000081700400, 0x0000000100000000)
  region size 1024K, 5 young (5120K), 5 survivors (5120K)
 Metaspace       used 20228K, capacity 21136K, committed 21248K, reserved 1067008K
  class space    used 2515K, capacity 2718K, committed 2816K, reserved 1048576K
}
Event: 1.567 GC heap before
{Heap before GC invocations=5 (full 0):
 garbage-first heap   total 131072K, used 85957K [0x0000000081600000, 0x0000000081700400, 0x0000000100000000)
  region size 1024K, 76 young (77824K), 5 survivors (5120K)
 Metaspace       used 24305K, capacity 25380K, committed 25600K, reserved 1071104K
  class space    used 3009K, capacity 3228K, committed 3328K, reserved 1048576K
}
Event: 1.574 GC heap after
{Heap after GC invocations=6 (full 0):
 garbage-first heap   total 157696K, used 15406K [0x0000000081600000, 0x00000000817004d0, 0x0000000100000000)
  region size 1024K, 8 young (8192K), 8 survivors (8192K)
 Metaspace       used 24305K, capacity 25380K, committed 25600K, reserved 1071104K
  class space    used 3009K, capacity 3228K, committed 3328K, reserved 1048576K
}

