# JRE version: Java(TM) SE Runtime Environment (9.0+11) (build 9.0.4+11)
# Java VM: Java HotSpot(TM) 64-Bit Server VM (9.0.4+11, mixed mode, tiered, compressed oops, g1 gc, windows-amd64)
Heap:
 garbage-first heap   total 131072K, used 82775K [0x0000000081600000, 0x0000000081700400, 0x0000000100000000)
  region size 1024K, 74 young (75776K), 5 survivors (5120K)
 Metaspace       used 24135K, capacity 25154K, committed 25216K, reserved 1073152K
  class space    used 2971K, capacity 3191K, committed 3200K, reserved 1048576K
GC Heap History (8 events):
Event: 0.519 GC heap before
{Heap before GC invocations=0 (full 0):
 garbage-first heap   total 131072K, used 25600K [0x0000000081600000, 0x0000000081700400, 0x0000000100000000)
  region size 1024K, 24 young (24576K), 0 survivors (0K)
 Metaspace       used 9116K, capacity 9294K, committed 9600K, reserved 1058816K
  class space    used 955K, capacity 1027K, committed 1152K, reserved 1048576K
}
Event: 0.524 GC heap after
{Heap after GC invocations=1 (full 0):
 garbage-first heap   total 131072K, used 8036K [0x0000000081600000, 0x0000000081700400, 0x0000000100000000)
  region size 1024K, 3 young (3072K), 3 survivors (3072K)
 Metaspace       used 9116K, capacity 9294K, committed 9600K, reserved 1058816K
  class space    used 955K, capacity 1027K, committed 1152K, reserved 1048576K
}
Event: 0.695 GC heap before
{Heap before GC invocations=1 (full 0):
 garbage-first heap   total 131072K, used 28516K [0x0000000081600000, 0x0000000081700400, 0x0000000100000000)
  region size 1024K, 23 young (23552K), 3 survivors (3072K)
 Metaspace       used 12910K, capacity 13380K, committed 13568K, reserved 1060864K
  class space    used 1411K, capacity 1506K, committed 1536K, reserved 1048576K
}
Event: 0.699 GC heap after
{Heap after GC invocations=2 (full 0):
 garbage-first heap   total 131072K, used 10473K [0x0000000081600000, 0x0000000081700400, 0x0000000100000000)
  region size 1024K, 3 young (3072K), 3 survivors (3072K)
 Metaspace       used 12910K, capacity 13380K, committed 13568K, reserved 1060864K
  class space    used 1411K, capacity 1506K, committed 1536K, reserved 1048576K
}
Event: 0.936 GC heap before
{Heap before GC invocations=2 (full 0):
 garbage-first heap   total 131072K, used 60649K [0x0000000081600000, 0x0000000081700400, 0x0000000100000000)
  region size 1024K, 52 young (53248K), 3 survivors (3072K)
 Metaspace       used 17344K, capacity 18050K, committed 18304K, reserved 1064960K
  class space    used 2141K, capacity 2311K, committed 2432K, reserved 1048576K
}
Event: 0.942 GC heap after
{Heap after GC invocations=3 (full 0):
 garbage-first heap   total 131072K, used 13438K [0x0000000081600000, 0x0000000081700400, 0x0000000100000000)
  region size 1024K, 6 young (6144K), 6 survivors (6144K)
 Metaspace       used 17344K, capacity 18050K, committed 18304K, reserved 1064960K
  class space    used 2141K, capacity 2311K, committed 2432K, reserved 1048576K
}
Event: 1.118 GC heap before
{Heap before GC invocations=3 (full 0):
 garbage-first heap   total 131072K, used 34942K [0x0000000081600000, 0x0000000081700400, 0x0000000100000000)
  region size 1024K, 28 young (28672K), 6 survivors (6144K)
 Metaspace       used 20233K, capacity 21144K, committed 21248K, reserved 1067008K
  class space    used 2504K, capacity 2718K, committed 2816K, reserved 1048576K
}
Event: 1.123 GC heap after
{Heap after GC invocations=4 (full 0):
 garbage-first heap   total 131072K, used 13143K [0x0000000081600000, 0x0000000081700400, 0x0000000100000000)
  region size 1024K, 5 young (5120K), 5 survivors (5120K)
 Metaspace       used 20233K, capacity 21144K, committed 21248K, reserved 1067008K
  class space    used 2504K, capacity 2718K, committed 2816K, reserved 1048576K
}

